This is pdfTeX, Version 3.1415926-1.40.10 (TeX Live 2009/Debian) (format=latex 2013.11.4)  9 FEB 2015 10:50
entering extended mode
 %&-line parsing enabled.
**photon3.tex
(./photon3.tex
LaTeX2e <2009/09/24>
Babel <v3.8l> and hyphenation patterns for english, usenglishmax, dumylang, noh
yphenation, loaded.
(/usr/share/texmf-texlive/tex/latex/base/latex209.def
File: latex209.def 1998/05/13 v0.52 Standard LaTeX file


          Entering LaTeX 2.09 COMPATIBILITY MODE
 *************************************************************
    !!WARNING!!    !!WARNING!!    !!WARNING!!    !!WARNING!!   
 
 This mode attempts to provide an emulation of the LaTeX 2.09
 author environment so that OLD documents can be successfully
 processed. It should NOT be used for NEW documents!
 
 New documents should use Standard LaTeX conventions and start
 with the \documentclass command.
 
 Compatibility mode is UNLIKELY TO WORK with LaTeX 2.09 style
 files that change any internal macros, especially not with
 those that change the FONT SELECTION or OUTPUT ROUTINES.
 
 Therefore such style files MUST BE UPDATED to use
          Current Standard LaTeX: LaTeX2e.
 If you suspect that you may be using such a style file, which
 is probably very, very old by now, then you should attempt to
 get it updated by sending a copy of this error message to the
 author of that file.
 *************************************************************

\footheight=\dimen102
\@maxsep=\dimen103
\@dblmaxsep=\dimen104
\@cla=\count79
\@clb=\count80
\mscount=\count81
(/usr/share/texmf-texlive/tex/latex/base/tracefnt.sty
Package: tracefnt 1997/05/29 v3.0j Standard LaTeX package (font tracing)
\tracingfonts=\count82
LaTeX Info: Redefining \selectfont on input line 101.
)
\symbold=\mathgroup4
\symsans=\mathgroup5
\symtypewriter=\mathgroup6
\symitalic=\mathgroup7
\symsmallcaps=\mathgroup8
\symslanted=\mathgroup9
LaTeX Font Info:    Redeclaring math alphabet \mathbf on input line 293.
LaTeX Font Info:    Redeclaring math alphabet \mathsf on input line 294.
LaTeX Font Info:    Redeclaring math alphabet \mathtt on input line 295.
LaTeX Font Info:    Redeclaring math alphabet \mathit on input line 301.
LaTeX Info: Redefining \em on input line 311.

(/usr/share/texmf-texlive/tex/latex/base/latexsym.sty
Package: latexsym 1998/08/17 v2.2e Standard LaTeX package (lasy symbols)
\symlasy=\mathgroup10
LaTeX Font Info:    Overwriting symbol font `lasy' in version `bold'
(Font)                  U/lasy/m/n --> U/lasy/b/n on input line 47.
)
LaTeX Font Info:    Redeclaring math delimiter \lgroup on input line 375.
LaTeX Font Info:    Redeclaring math delimiter \rgroup on input line 377.
LaTeX Font Info:    Redeclaring math delimiter \bracevert on input line 379.
)
Compatibility mode: loading revtex.sty rather than revtex.cls.
 (./revtex.sty
Filename: revtex.sty, v3.1 <1 July 96>
(./aps.sty
Filename: aps.sty, v3.0 <28 October 1992>
REVTeX message: NFSS detected! Assuming NFSS.
(./aps12.sty
Filename: aps12.sty, v3.0 <2 October 1992>
)
\c@part=\count83
\c@section=\count84
\c@subsection=\count85
\c@subsubsection=\count86
\c@paragraph=\count87
\c@subparagraph=\count88
\@indentflag=\count89
\@eqtoeqnum=\dimen105
\c@eqletter=\count90
\c@equation=\count91
\@testboxa=\box26
\@testboxb=\box27
 (./prabib.sty
Filename: prabib.sty, v3.0 <9/14/92>
\WidestRefLabelThusFar=\dimen106
)
\c@figure=\count92
\c@table=\count93
\c@tablenote=\count94
\@Ldec=\dimen107
\@Rdec=\dimen108
)) (./psfig.sty
\@unused=\write3

psfig/tex 1.2-dvips
\ps@stream=\read1
) (./photon3.aux)
\openout1 = `photon3.aux'.

LaTeX Font Info:    Checking defaults for OML/cmm/m/it on input line 4.
LaTeX Font Info:    ... okay on input line 4.
LaTeX Font Info:    Checking defaults for T1/cmr/m/n on input line 4.
LaTeX Font Info:    ... okay on input line 4.
LaTeX Font Info:    Checking defaults for OT1/cmr/m/n on input line 4.
LaTeX Font Info:    ... okay on input line 4.
LaTeX Font Info:    Checking defaults for OMS/cmsy/m/n on input line 4.
LaTeX Font Info:    ... okay on input line 4.
LaTeX Font Info:    Checking defaults for OMX/cmex/m/n on input line 4.
LaTeX Font Info:    ... okay on input line 4.
LaTeX Font Info:    Checking defaults for U/cmr/m/n on input line 4.
LaTeX Font Info:    ... okay on input line 4.
LaTeX Font Info:    External font `cmex10' loaded for size
(Font)              <12> on input line 43.
LaTeX Font Info:    External font `cmex10' loaded for size
(Font)              <8> on input line 43.
LaTeX Font Info:    External font `cmex10' loaded for size
(Font)              <6> on input line 43.
LaTeX Font Info:    Try loading font information for U+lasy on input line 43.
 (/usr/share/texmf-texlive/tex/latex/base/ulasy.fd
File: ulasy.fd 1998/08/17 v2.2e LaTeX symbol font definitions
) [1

]
[2] [3] [4] [5] [6] [7] [8] [9]
psfig: searching fig1.ps for bounding box
! Missing number, treated as zero.
<to be read again> 
                   (
l.388 ...ig{figure=fig1.ps,width=10cm,height=9cm}}
                                                  
? 
! Illegal unit of measure (pt inserted).
<to be read again> 
                   (
l.388 ...ig{figure=fig1.ps,width=10cm,height=9cm}}
                                                  
? 
! Missing number, treated as zero.
<to be read again> 
                   \let 
l.388 ...ig{figure=fig1.ps,width=10cm,height=9cm}}
                                                  
? 
! Illegal unit of measure (pt inserted).
<to be read again> 
                   \let 
l.388 ...ig{figure=fig1.ps,width=10cm,height=9cm}}
                                                  
? 
! Missing number, treated as zero.
<to be read again> 
                   {
l.388 ...ig{figure=fig1.ps,width=10cm,height=9cm}}
                                                  
? 
! Illegal unit of measure (pt inserted).
<to be read again> 
                   {
l.388 ...ig{figure=fig1.ps,width=10cm,height=9cm}}
                                                  
? 
FATAL ERROR: no bb supplied or found
! Undefined control sequence.
<argument> \no 
               -bb-error
l.388 ...ig{figure=fig1.ps,width=10cm,height=9cm}}
                                                  
? 
! Missing number, treated as zero.
<to be read again> 
                   b
l.388 ...ig{figure=fig1.ps,width=10cm,height=9cm}}
                                                  
? 
! Illegal unit of measure (pt inserted).
<to be read again> 
                   b
l.388 ...ig{figure=fig1.ps,width=10cm,height=9cm}}
                                                  
? 
psfig: including fig1.ps 

Underfull \hbox (badness 10000) in paragraph at lines 388--388
[]\OT1/cmr/m/n/12 (atend) bp bp  bp bb-error bp          [] [] []
 []

psfig: searching fig2.ps for bounding box
! Missing number, treated as zero.
<to be read again> 
                   (
l.393 ...ig{figure=fig2.ps,width=10cm,height=9cm}}
                                                  
? 
! Illegal unit of measure (pt inserted).
<to be read again> 
                   (
l.393 ...ig{figure=fig2.ps,width=10cm,height=9cm}}
                                                  
? 
! Missing number, treated as zero.
<to be read again> 
                   \let 
l.393 ...ig{figure=fig2.ps,width=10cm,height=9cm}}
                                                  
? 
! Illegal unit of measure (pt inserted).
<to be read again> 
                   \let 
l.393 ...ig{figure=fig2.ps,width=10cm,height=9cm}}
                                                  
? 
! Missing number, treated as zero.
<to be read again> 
                   {
l.393 ...ig{figure=fig2.ps,width=10cm,height=9cm}}
                                                  
? 
! Illegal unit of measure (pt inserted).
<to be read again> 
                   {
l.393 ...ig{figure=fig2.ps,width=10cm,height=9cm}}
                                                  
? 
FATAL ERROR: no bb supplied or found
! Undefined control sequence.
<argument> \no 
               -bb-error
l.393 ...ig{figure=fig2.ps,width=10cm,height=9cm}}
                                                  
? 
! Missing number, treated as zero.
<to be read again> 
                   b
l.393 ...ig{figure=fig2.ps,width=10cm,height=9cm}}
                                                  
? 
! Illegal unit of measure (pt inserted).
<to be read again> 
                   b
l.393 ...ig{figure=fig2.ps,width=10cm,height=9cm}}
                                                  
? 
psfig: including fig2.ps 

Underfull \hbox (badness 10000) in paragraph at lines 393--393
[]\OT1/cmr/m/n/12 (atend) bp bp  bp bb-error bp          [] [] []
 []

[10] (./photon3.aux) ) 
Here is how much of TeX's memory you used:
 737 strings out of 495062
 7327 string characters out of 1182644
 59314 words of memory out of 3000000
 3951 multiletter control sequences out of 15000+50000
 13600 words of font info for 49 fonts, out of 3000000 for 9000
 28 hyphenation exceptions out of 8191
 26i,6n,23p,234b,188s stack positions out of 5000i,500n,10000p,200000b,50000s

Output written on photon3.dvi (10 pages, 23652 bytes).
